--------------------------------------------------------------------------------
Release 14.7 Trace  (nt64)
Copyright (c) 1995-2013 Xilinx, Inc.  All rights reserved.

D:\Xilinx\14.7\ISE_DS\ISE\bin\nt64\unwrapped\trce.exe -intstyle ise -v 3 -s 5
-n 3 -fastpaths -xml displayVal.twx displayVal.ncd -o displayVal.twr
displayVal.pcf -ucf displayVal.ucf

Design file:              displayVal.ncd
Physical constraint file: displayVal.pcf
Device,package,speed:     xc3s100e,cp132,-5 (PRODUCTION 1.27 2013-10-13)
Report level:             verbose report

Environment Variable      Effect 
--------------------      ------ 
NONE                      No environment variables were set
--------------------------------------------------------------------------------

INFO:Timing:2698 - No timing constraints found, doing default enumeration.
INFO:Timing:3412 - To improve timing, see the Timing Closure User Guide (UG612).
INFO:Timing:2752 - To get complete path coverage, use the unconstrained paths 
   option. All paths that are not constrained will be reported in the 
   unconstrained paths section(s) of the report.
INFO:Timing:3339 - The clock-to-out numbers in this timing report are based on 
   a 50 Ohm transmission line loading model.  For the details of this model, 
   and for more information on accounting for different loading conditions, 
   please see the device datasheet.
INFO:Timing:3390 - This architecture does not support a default System Jitter 
   value, please add SYSTEM_JITTER constraint to the UCF to modify the Clock 
   Uncertainty calculation.
INFO:Timing:3389 - This architecture does not support 'Discrete Jitter' and 
   'Phase Error' calculations, these terms will be zero in the Clock 
   Uncertainty calculation.  Please make appropriate modification to 
   SYSTEM_JITTER to account for the unsupported Discrete Jitter and Phase 
   Error.



Data Sheet report:
-----------------
All values displayed in nanoseconds (ns)

Pad to Pad
---------------+---------------+---------+
Source Pad     |Destination Pad|  Delay  |
---------------+---------------+---------+
w              |a              |    7.079|
w              |b              |    7.959|
w              |c              |    8.041|
w              |d              |    7.561|
w              |e              |    7.811|
w              |f              |    8.222|
w              |g              |    7.864|
x              |a              |    7.215|
x              |b              |    7.226|
x              |c              |    7.806|
x              |d              |    7.170|
x              |e              |    7.576|
x              |f              |    7.433|
x              |g              |    7.624|
y              |a              |    7.079|
y              |b              |    7.452|
y              |c              |    7.489|
y              |d              |    7.001|
y              |e              |    7.259|
y              |f              |    7.710|
y              |g              |    7.256|
z              |a              |    6.738|
z              |b              |    7.065|
z              |c              |    7.291|
z              |d              |    6.666|
z              |e              |    7.061|
z              |f              |    7.294|
z              |g              |    7.080|
---------------+---------------+---------+


Analysis completed Wed Feb 16 12:41:31 2022 
--------------------------------------------------------------------------------

Trace Settings:
-------------------------
Trace Settings 

Peak Memory Usage: 4485 MB



