--------------------------------------------------------------------------------
Release 14.7 Trace  (nt64)
Copyright (c) 1995-2013 Xilinx, Inc.  All rights reserved.

D:\Xilinx\14.7\ISE_DS\ISE\bin\nt64\unwrapped\trce.exe -intstyle ise -v 3 -s 5
-n 3 -fastpaths -xml binarioHexadecimalVGRL.twx binarioHexadecimalVGRL.ncd -o
binarioHexadecimalVGRL.twr binarioHexadecimalVGRL.pcf -ucf
binarioHexadecimalVGRL.ucf

Design file:              binarioHexadecimalVGRL.ncd
Physical constraint file: binarioHexadecimalVGRL.pcf
Device,package,speed:     xc3s100e,cp132,-5 (PRODUCTION 1.27 2013-10-13)
Report level:             verbose report

Environment Variable      Effect 
--------------------      ------ 
NONE                      No environment variables were set
--------------------------------------------------------------------------------

INFO:Timing:2698 - No timing constraints found, doing default enumeration.
INFO:Timing:3412 - To improve timing, see the Timing Closure User Guide (UG612).
INFO:Timing:2752 - To get complete path coverage, use the unconstrained paths 
   option. All paths that are not constrained will be reported in the 
   unconstrained paths section(s) of the report.
INFO:Timing:3339 - The clock-to-out numbers in this timing report are based on 
   a 50 Ohm transmission line loading model.  For the details of this model, 
   and for more information on accounting for different loading conditions, 
   please see the device datasheet.
INFO:Timing:3390 - This architecture does not support a default System Jitter 
   value, please add SYSTEM_JITTER constraint to the UCF to modify the Clock 
   Uncertainty calculation.
INFO:Timing:3389 - This architecture does not support 'Discrete Jitter' and 
   'Phase Error' calculations, these terms will be zero in the Clock 
   Uncertainty calculation.  Please make appropriate modification to 
   SYSTEM_JITTER to account for the unsupported Discrete Jitter and Phase 
   Error.



Data Sheet report:
-----------------
All values displayed in nanoseconds (ns)

Pad to Pad
---------------+---------------+---------+
Source Pad     |Destination Pad|  Delay  |
---------------+---------------+---------+
GTV<0>         |transistor<0>  |    7.502|
GTV<0>         |transistor<1>  |    7.694|
GTV<0>         |transistor<2>  |    7.662|
GTV<0>         |transistor<3>  |    7.346|
GTV<1>         |transistor<0>  |    7.214|
GTV<1>         |transistor<1>  |    7.377|
GTV<1>         |transistor<2>  |    8.058|
GTV<1>         |transistor<3>  |    7.771|
w              |a              |    7.093|
w              |b              |    6.966|
w              |c              |    8.030|
w              |d              |    7.847|
w              |e              |    7.825|
w              |f              |    6.857|
w              |g              |    7.878|
x              |a              |    7.209|
x              |b              |    7.417|
x              |c              |    7.775|
x              |d              |    7.436|
x              |e              |    7.570|
x              |f              |    7.342|
x              |g              |    7.618|
y              |a              |    7.085|
y              |b              |    7.087|
y              |c              |    7.470|
y              |d              |    7.279|
y              |e              |    7.265|
y              |f              |    6.956|
y              |g              |    7.262|
z              |a              |    6.738|
z              |b              |    7.314|
z              |c              |    7.266|
z              |d              |    6.938|
z              |e              |    7.061|
z              |f              |    7.234|
z              |g              |    7.080|
---------------+---------------+---------+


Analysis completed Mon Feb 28 12:24:19 2022 
--------------------------------------------------------------------------------

Trace Settings:
-------------------------
Trace Settings 

Peak Memory Usage: 4486 MB



