--------------------------------------------------------------------------------
Release 14.7 Trace  (nt64)
Copyright (c) 1995-2013 Xilinx, Inc.  All rights reserved.

D:\Xilinx\14.7\ISE_DS\ISE\bin\nt64\unwrapped\trce.exe -intstyle ise -v 3 -s 5
-n 3 -fastpaths -xml Top.twx Top.ncd -o Top.twr Top.pcf -ucf top.ucf

Design file:              Top.ncd
Physical constraint file: Top.pcf
Device,package,speed:     xc3s100e,cp132,-5 (PRODUCTION 1.27 2013-10-13)
Report level:             verbose report

Environment Variable      Effect 
--------------------      ------ 
NONE                      No environment variables were set
--------------------------------------------------------------------------------

INFO:Timing:2698 - No timing constraints found, doing default enumeration.
INFO:Timing:3412 - To improve timing, see the Timing Closure User Guide (UG612).
INFO:Timing:2752 - To get complete path coverage, use the unconstrained paths 
   option. All paths that are not constrained will be reported in the 
   unconstrained paths section(s) of the report.
INFO:Timing:3339 - The clock-to-out numbers in this timing report are based on 
   a 50 Ohm transmission line loading model.  For the details of this model, 
   and for more information on accounting for different loading conditions, 
   please see the device datasheet.
INFO:Timing:3390 - This architecture does not support a default System Jitter 
   value, please add SYSTEM_JITTER constraint to the UCF to modify the Clock 
   Uncertainty calculation.
INFO:Timing:3389 - This architecture does not support 'Discrete Jitter' and 
   'Phase Error' calculations, these terms will be zero in the Clock 
   Uncertainty calculation.  Please make appropriate modification to 
   SYSTEM_JITTER to account for the unsupported Discrete Jitter and Phase 
   Error.



Data Sheet report:
-----------------
All values displayed in nanoseconds (ns)

Pad to Pad
---------------+---------------+---------+
Source Pad     |Destination Pad|  Delay  |
---------------+---------------+---------+
A<0>           |Cout           |    9.082|
A<0>           |R<0>           |    6.776|
A<0>           |R<1>           |    7.527|
A<0>           |R<2>           |    7.507|
A<0>           |R<3>           |    9.358|
A<1>           |Cout           |    9.900|
A<1>           |R<1>           |    7.382|
A<1>           |R<2>           |    8.325|
A<1>           |R<3>           |   10.176|
A<2>           |Cout           |    7.943|
A<2>           |R<2>           |    7.200|
A<2>           |R<3>           |    8.219|
A<3>           |Cout           |    8.037|
A<3>           |R<3>           |    7.275|
B<0>           |Cout           |   10.104|
B<0>           |R<0>           |    6.624|
B<0>           |R<1>           |    7.196|
B<0>           |R<2>           |    8.529|
B<0>           |R<3>           |   10.380|
B<1>           |Cout           |    9.169|
B<1>           |R<1>           |    7.343|
B<1>           |R<2>           |    7.594|
B<1>           |R<3>           |    9.445|
B<2>           |Cout           |    7.639|
B<2>           |R<2>           |    6.772|
B<2>           |R<3>           |    7.915|
B<3>           |Cout           |    8.138|
B<3>           |R<3>           |    7.495|
---------------+---------------+---------+


Analysis completed Wed Mar 02 19:13:09 2022 
--------------------------------------------------------------------------------

Trace Settings:
-------------------------
Trace Settings 

Peak Memory Usage: 4486 MB



