--------------------------------------------------------------------------------
Release 14.7 Trace  (nt64)
Copyright (c) 1995-2013 Xilinx, Inc.  All rights reserved.

D:\Xilinx\14.7\ISE_DS\ISE\bin\nt64\unwrapped\trce.exe -intstyle ise -v 3 -s 5
-n 3 -fastpaths -xml mux4_1.twx mux4_1.ncd -o mux4_1.twr mux4_1.pcf

Design file:              mux4_1.ncd
Physical constraint file: mux4_1.pcf
Device,package,speed:     xc3s100e,cp132,-5 (PRODUCTION 1.27 2013-10-13)
Report level:             verbose report

Environment Variable      Effect 
--------------------      ------ 
NONE                      No environment variables were set
--------------------------------------------------------------------------------

INFO:Timing:2698 - No timing constraints found, doing default enumeration.
INFO:Timing:3412 - To improve timing, see the Timing Closure User Guide (UG612).
INFO:Timing:2752 - To get complete path coverage, use the unconstrained paths 
   option. All paths that are not constrained will be reported in the 
   unconstrained paths section(s) of the report.
INFO:Timing:3339 - The clock-to-out numbers in this timing report are based on 
   a 50 Ohm transmission line loading model.  For the details of this model, 
   and for more information on accounting for different loading conditions, 
   please see the device datasheet.
INFO:Timing:3390 - This architecture does not support a default System Jitter 
   value, please add SYSTEM_JITTER constraint to the UCF to modify the Clock 
   Uncertainty calculation.
INFO:Timing:3389 - This architecture does not support 'Discrete Jitter' and 
   'Phase Error' calculations, these terms will be zero in the Clock 
   Uncertainty calculation.  Please make appropriate modification to 
   SYSTEM_JITTER to account for the unsupported Discrete Jitter and Phase 
   Error.



Data Sheet report:
-----------------
All values displayed in nanoseconds (ns)

Pad to Pad
---------------+---------------+---------+
Source Pad     |Destination Pad|  Delay  |
---------------+---------------+---------+
D0<0>          |muxResult<0>   |    6.843|
D0<1>          |muxResult<1>   |    6.562|
D0<2>          |muxResult<2>   |    6.603|
D0<3>          |muxResult<3>   |    5.908|
D1<0>          |muxResult<0>   |    6.286|
D1<1>          |muxResult<1>   |    6.578|
D1<2>          |muxResult<2>   |    6.428|
D1<3>          |muxResult<3>   |    5.896|
D2<0>          |muxResult<0>   |    6.521|
D2<1>          |muxResult<1>   |    6.659|
D2<2>          |muxResult<2>   |    6.763|
D2<3>          |muxResult<3>   |    6.461|
D3<0>          |muxResult<0>   |    6.890|
D3<1>          |muxResult<1>   |    6.757|
D3<2>          |muxResult<2>   |    6.867|
D3<3>          |muxResult<3>   |    6.371|
GTV<0>         |muxResult<0>   |    7.304|
GTV<0>         |muxResult<1>   |    7.180|
GTV<0>         |muxResult<2>   |    7.875|
GTV<0>         |muxResult<3>   |    6.428|
GTV<1>         |muxResult<0>   |    7.091|
GTV<1>         |muxResult<1>   |    7.088|
GTV<1>         |muxResult<2>   |    7.411|
GTV<1>         |muxResult<3>   |    6.145|
---------------+---------------+---------+


Analysis completed Sun Mar 06 19:42:25 2022 
--------------------------------------------------------------------------------

Trace Settings:
-------------------------
Trace Settings 

Peak Memory Usage: 4486 MB



