Release 14.7 - xst P.20131013 (nt64)
Copyright (c) 1995-2013 Xilinx, Inc.  All rights reserved.
--> Parameter TMPDIR set to xst/projnav.tmp


Total REAL time to Xst completion: 1.00 secs
Total CPU time to Xst completion: 0.35 secs
 
--> Parameter xsthdpdir set to xst


Total REAL time to Xst completion: 1.00 secs
Total CPU time to Xst completion: 0.35 secs
 
--> Reading design: top.prj

TABLE OF CONTENTS
  1) Synthesis Options Summary
  2) HDL Compilation
  3) Design Hierarchy Analysis
  4) HDL Analysis
  5) HDL Synthesis
     5.1) HDL Synthesis Report
  6) Advanced HDL Synthesis
     6.1) Advanced HDL Synthesis Report
  7) Low Level Synthesis
  8) Partition Report
  9) Final Report
	9.1) Device utilization summary
	9.2) Partition Resource Summary
	9.3) TIMING REPORT


=========================================================================
*                      Synthesis Options Summary                        *
=========================================================================
---- Source Parameters
Input File Name                    : "top.prj"
Input Format                       : mixed
Ignore Synthesis Constraint File   : NO

---- Target Parameters
Output File Name                   : "top"
Output Format                      : NGC
Target Device                      : xc3s100e-5-cp132

---- Source Options
Top Module Name                    : top
Automatic FSM Extraction           : YES
FSM Encoding Algorithm             : Auto
Safe Implementation                : No
FSM Style                          : LUT
RAM Extraction                     : Yes
RAM Style                          : Auto
ROM Extraction                     : Yes
Mux Style                          : Auto
Decoder Extraction                 : YES
Priority Encoder Extraction        : Yes
Shift Register Extraction          : YES
Logical Shifter Extraction         : YES
XOR Collapsing                     : YES
ROM Style                          : Auto
Mux Extraction                     : Yes
Resource Sharing                   : YES
Asynchronous To Synchronous        : NO
Multiplier Style                   : Auto
Automatic Register Balancing       : No

---- Target Options
Add IO Buffers                     : YES
Global Maximum Fanout              : 100000
Add Generic Clock Buffer(BUFG)     : 24
Register Duplication               : YES
Slice Packing                      : YES
Optimize Instantiated Primitives   : NO
Use Clock Enable                   : Yes
Use Synchronous Set                : Yes
Use Synchronous Reset              : Yes
Pack IO Registers into IOBs        : Auto
Equivalent register Removal        : YES

---- General Options
Optimization Goal                  : Speed
Optimization Effort                : 1
Keep Hierarchy                     : No
Netlist Hierarchy                  : As_Optimized
RTL Output                         : Yes
Global Optimization                : AllClockNets
Read Cores                         : YES
Write Timing Constraints           : NO
Cross Clock Analysis               : NO
Hierarchy Separator                : /
Bus Delimiter                      : <>
Case Specifier                     : Maintain
Slice Utilization Ratio            : 100
BRAM Utilization Ratio             : 100
Verilog 2001                       : YES
Auto BRAM Packing                  : NO
Slice Utilization Ratio Delta      : 5

=========================================================================


=========================================================================
*                          HDL Compilation                              *
=========================================================================
Compiling verilog file "sumador.v" in library work
Compiling verilog file "segmentos.v" in library work
Module <sumador> compiled
Compiling verilog file "oneCold.v" in library work
Module <segmentos> compiled
Compiling verilog file "mux4_1.v" in library work
Module <oneCold> compiled
Compiling verilog file "moduloXOR.v" in library work
Module <mux4_1> compiled
Compiling verilog file "top.v" in library work
Module <moduloXOR> compiled
Module <top> compiled
No errors in compilation
Analysis of file <"top.prj"> succeeded.
 

=========================================================================
*                     Design Hierarchy Analysis                         *
=========================================================================
Analyzing hierarchy for module <top> in library <work>.

Analyzing hierarchy for module <moduloXOR> in library <work>.

Analyzing hierarchy for module <sumador> in library <work>.

Analyzing hierarchy for module <mux4_1> in library <work>.

Analyzing hierarchy for module <oneCold> in library <work>.

Analyzing hierarchy for module <segmentos> in library <work>.


=========================================================================
*                            HDL Analysis                               *
=========================================================================
Analyzing top module <top>.
Module <top> is correct for synthesis.
 
Analyzing module <moduloXOR> in library <work>.
Module <moduloXOR> is correct for synthesis.
 
Analyzing module <sumador> in library <work>.
Module <sumador> is correct for synthesis.
 
Analyzing module <mux4_1> in library <work>.
Module <mux4_1> is correct for synthesis.
 
Analyzing module <oneCold> in library <work>.
Module <oneCold> is correct for synthesis.
 
Analyzing module <segmentos> in library <work>.
Module <segmentos> is correct for synthesis.
 

=========================================================================
*                           HDL Synthesis                               *
=========================================================================

Performing bidirectional port resolution...

Synthesizing Unit <moduloXOR>.
    Related source file is "moduloXOR.v".
Unit <moduloXOR> synthesized.


Synthesizing Unit <sumador>.
    Related source file is "sumador.v".
Unit <sumador> synthesized.


Synthesizing Unit <mux4_1>.
    Related source file is "mux4_1.v".
    Found 4-bit 4-to-1 multiplexer for signal <muxResult>.
    Summary:
	inferred   4 Multiplexer(s).
Unit <mux4_1> synthesized.


Synthesizing Unit <oneCold>.
    Related source file is "oneCold.v".
    Found 1-of-4 decoder for signal <T>.
    Summary:
	inferred   1 Decoder(s).
Unit <oneCold> synthesized.


Synthesizing Unit <segmentos>.
    Related source file is "segmentos.v".
Unit <segmentos> synthesized.


Synthesizing Unit <top>.
    Related source file is "top.v".
Unit <top> synthesized.


=========================================================================
HDL Synthesis Report

Macro Statistics
# Multiplexers                                         : 1
 4-bit 4-to-1 multiplexer                              : 1
# Decoders                                             : 1
 1-of-4 decoder                                        : 1

=========================================================================

=========================================================================
*                       Advanced HDL Synthesis                          *
=========================================================================


=========================================================================
Advanced HDL Synthesis Report

Macro Statistics
# Multiplexers                                         : 1
 4-bit 4-to-1 multiplexer                              : 1
# Decoders                                             : 1
 1-of-4 decoder                                        : 1

=========================================================================

=========================================================================
*                         Low Level Synthesis                           *
=========================================================================

Optimizing unit <top> ...

Mapping all equations...
Building and optimizing final netlist ...
Found area constraint ratio of 100 (+ 5) on block top, actual ratio is 1.

Final Macro Processing ...

=========================================================================
Final Register Report

Found no macro
=========================================================================

=========================================================================
*                           Partition Report                            *
=========================================================================

Partition Implementation Status
-------------------------------

  No Partitions were found in this design.

-------------------------------

=========================================================================
*                            Final Report                               *
=========================================================================
Final Results
RTL Top Level Output File Name     : top.ngr
Top Level Output File Name         : top
Output Format                      : NGC
Optimization Goal                  : Speed
Keep Hierarchy                     : No

Design Statistics
# IOs                              : 28

Cell Usage :
# BELS                             : 31
#      LUT2                        : 5
#      LUT3                        : 2
#      LUT4                        : 20
#      MUXF5                       : 4
# IO Buffers                       : 28
#      IBUF                        : 11
#      OBUF                        : 17
=========================================================================

Device utilization summary:
---------------------------

Selected Device : 3s100ecp132-5 

 Number of Slices:                       14  out of    960     1%  
 Number of 4 input LUTs:                 27  out of   1920     1%  
 Number of IOs:                          28
 Number of bonded IOBs:                  28  out of     83    33%  

---------------------------
Partition Resource Summary:
---------------------------

  No Partitions were found in this design.

---------------------------


=========================================================================
TIMING REPORT

NOTE: THESE TIMING NUMBERS ARE ONLY A SYNTHESIS ESTIMATE.
      FOR ACCURATE TIMING INFORMATION PLEASE REFER TO THE TRACE REPORT
      GENERATED AFTER PLACE-and-ROUTE.

Clock Information:
------------------
No clock signals found in this design

Asynchronous Control Signals Information:
----------------------------------------
No asynchronous control signals found in this design

Timing Summary:
---------------
Speed Grade: -5

   Minimum period: No path found
   Minimum input arrival time before clock: No path found
   Maximum output required time after clock: No path found
   Maximum combinational path delay: 11.580ns

Timing Detail:
--------------
All values displayed in nanoseconds (ns)

=========================================================================
Timing constraint: Default path analysis
  Total number of paths / destination ports: 540 / 17
-------------------------------------------------------------------------
Delay:               11.580ns (Levels of Logic = 9)
  Source:            button (PAD)
  Destination:       sa (PAD)

  Data Path: button to sa
                                Gate     Net
    Cell:in->out      fanout   Delay   Delay  Logical Name (Net Name)
    ----------------------------------------  ------------
     IBUF:I->O             8   1.106   0.712  button_IBUF (carryin_OBUF)
     LUT3:I1->O            2   0.612   0.383  Full0/cout1 (w0)
     LUT4:I3->O            2   0.612   0.383  Full1/cout1 (w1)
     LUT4:I3->O            2   0.612   0.383  Full2/cout1 (w2)
     LUT4:I3->O            2   0.612   0.383  Full3/cout1 (COUT_OBUF)
     LUT4:I3->O            1   0.612   0.000  mux_4_1_eachD/Mmux_muxResult_4 (mux_4_1_eachD/Mmux_muxResult_4)
     MUXF5:I0->O           7   0.278   0.754  mux_4_1_eachD/Mmux_muxResult_2_f5 (final<0>)
     LUT4:I0->O            1   0.612   0.357  resultDisplay/b1 (sb_OBUF)
     OBUF:I->O                 3.169          sb_OBUF (sb)
    ----------------------------------------
    Total                     11.580ns (8.225ns logic, 3.355ns route)
                                       (71.0% logic, 29.0% route)

=========================================================================


Total REAL time to Xst completion: 7.00 secs
Total CPU time to Xst completion: 7.06 secs
 
--> 

Total memory usage is 4514012 kilobytes

Number of errors   :    0 (   0 filtered)
Number of warnings :    1 (   0 filtered)
Number of infos    :    0 (   0 filtered)

