
****** PlanAhead v14.7 (64-bit)
  **** Build 321239 by xbuild on Fri Sep 27 19:29:51 MDT 2013
    ** Copyright 1986-1999, 2001-2013 Xilinx, Inc. All Rights Reserved.

INFO: [Common 17-78] Attempting to get a license: PlanAhead
INFO: [Common 17-290] Got license for PlanAhead
INFO: [Common 17-86] Your PlanAhead license expires in -2740 day(s)
INFO: [Device 21-36] Loading parts and site information from D:/Xilinx/14.7/ISE_DS/PlanAhead/data/parts/arch.xml
Parsing RTL primitives file [D:/Xilinx/14.7/ISE_DS/PlanAhead/data/parts/xilinx/rtl/prims/rtl_prims.xml]
Finished parsing RTL primitives file [D:/Xilinx/14.7/ISE_DS/PlanAhead/data/parts/xilinx/rtl/prims/rtl_prims.xml]
start_gui
source {D:/Sistemas digitales/Sumador4bits/pa.fromNetlist.tcl}
# create_project -name Sumador4bits -dir "D:/Sistemas digitales/Sumador4bits/planAhead_run_3" -part xc3s100ecp132-5
create_project: Time (s): elapsed = 00:00:07 . Memory (MB): peak = 397.766 ; gain = 26.754
# set_property design_mode GateLvl [get_property srcset [current_run -impl]]
# set_property edif_top_file "D:/Sistemas digitales/Sumador4bits/Top.ngc" [ get_property srcset [ current_run ] ]
# add_files -norecurse { {D:/Sistemas digitales/Sumador4bits} }
# set_property target_constrs_file "Top.ucf" [current_fileset -constrset]
Adding file 'D:/Sistemas digitales/Sumador4bits/Top.ucf' to fileset 'constrs_1'
# add_files [list {Top.ucf}] -fileset [get_property constrset [current_run]]
# link_design
Design is defaulting to srcset: sources_1
Design is defaulting to constrset: constrs_1
Design is defaulting to project part: xc3s100ecp132-5

    while executing
"link_design"
    (file "D:/Sistemas digitales/Sumador4bits/pa.fromNetlist.tcl" line 10)
exit
ERROR: [Common 17-39] 'stop_gui' failed due to earlier errors.
INFO: [Common 17-206] Exiting PlanAhead at Wed Mar 02 19:08:44 2022...
INFO: [Common 17-83] Releasing license: PlanAhead
