Release 14.7 - xst P.20131013 (nt64)
Copyright (c) 1995-2013 Xilinx, Inc.  All rights reserved.
--> Parameter TMPDIR set to xst/projnav.tmp


Total REAL time to Xst completion: 0.00 secs
Total CPU time to Xst completion: 0.12 secs
 
--> Parameter xsthdpdir set to xst


Total REAL time to Xst completion: 0.00 secs
Total CPU time to Xst completion: 0.12 secs
 
--> Reading design: ClkRedu.prj

TABLE OF CONTENTS
  1) Synthesis Options Summary
  2) HDL Compilation
  3) Design Hierarchy Analysis
  4) HDL Analysis
  5) HDL Synthesis
     5.1) HDL Synthesis Report
  6) Advanced HDL Synthesis
     6.1) Advanced HDL Synthesis Report
  7) Low Level Synthesis
  8) Partition Report
  9) Final Report
	9.1) Device utilization summary
	9.2) Partition Resource Summary
	9.3) TIMING REPORT


=========================================================================
*                      Synthesis Options Summary                        *
=========================================================================
---- Source Parameters
Input File Name                    : "ClkRedu.prj"
Input Format                       : mixed
Ignore Synthesis Constraint File   : NO

---- Target Parameters
Output File Name                   : "ClkRedu"
Output Format                      : NGC
Target Device                      : xc3s100e-5-cp132

---- Source Options
Top Module Name                    : ClkRedu
Automatic FSM Extraction           : YES
FSM Encoding Algorithm             : Auto
Safe Implementation                : No
FSM Style                          : LUT
RAM Extraction                     : Yes
RAM Style                          : Auto
ROM Extraction                     : Yes
Mux Style                          : Auto
Decoder Extraction                 : YES
Priority Encoder Extraction        : Yes
Shift Register Extraction          : YES
Logical Shifter Extraction         : YES
XOR Collapsing                     : YES
ROM Style                          : Auto
Mux Extraction                     : Yes
Resource Sharing                   : YES
Asynchronous To Synchronous        : NO
Multiplier Style                   : Auto
Automatic Register Balancing       : No

---- Target Options
Add IO Buffers                     : YES
Global Maximum Fanout              : 500
Add Generic Clock Buffer(BUFG)     : 24
Register Duplication               : YES
Slice Packing                      : YES
Optimize Instantiated Primitives   : NO
Use Clock Enable                   : Yes
Use Synchronous Set                : Yes
Use Synchronous Reset              : Yes
Pack IO Registers into IOBs        : Auto
Equivalent register Removal        : YES

---- General Options
Optimization Goal                  : Speed
Optimization Effort                : 1
Keep Hierarchy                     : No
Netlist Hierarchy                  : As_Optimized
RTL Output                         : Yes
Global Optimization                : AllClockNets
Read Cores                         : YES
Write Timing Constraints           : NO
Cross Clock Analysis               : NO
Hierarchy Separator                : /
Bus Delimiter                      : <>
Case Specifier                     : Maintain
Slice Utilization Ratio            : 100
BRAM Utilization Ratio             : 100
Verilog 2001                       : YES
Auto BRAM Packing                  : NO
Slice Utilization Ratio Delta      : 5

=========================================================================


=========================================================================
*                          HDL Compilation                              *
=========================================================================
Compiling verilog file "ClkRedu.v" in library work
Module <ClkRedu> compiled
No errors in compilation
Analysis of file <"ClkRedu.prj"> succeeded.
 

=========================================================================
*                     Design Hierarchy Analysis                         *
=========================================================================
Analyzing hierarchy for module <ClkRedu> in library <work>.


=========================================================================
*                            HDL Analysis                               *
=========================================================================
Analyzing top module <ClkRedu>.
Module <ClkRedu> is correct for synthesis.
 

=========================================================================
*                           HDL Synthesis                               *
=========================================================================

Performing bidirectional port resolution...

Synthesizing Unit <ClkRedu>.
    Related source file is "ClkRedu.v".
    Found T flip-flop for signal <ClkRedu>.
    Found 25-bit up counter for signal <conteo>.
    Summary:
	inferred   1 Counter(s).
	inferred   1 T-type flip-flop(s).
Unit <ClkRedu> synthesized.


=========================================================================
HDL Synthesis Report

Macro Statistics
# Counters                                             : 1
 25-bit up counter                                     : 1
# Toggle Registers                                     : 1
 T flip-flop                                           : 1

=========================================================================

=========================================================================
*                       Advanced HDL Synthesis                          *
=========================================================================


=========================================================================
Advanced HDL Synthesis Report

Macro Statistics
# Counters                                             : 1
 25-bit up counter                                     : 1
# Registers                                            : 1
 Flip-Flops                                            : 1

=========================================================================

=========================================================================
*                         Low Level Synthesis                           *
=========================================================================

Optimizing unit <ClkRedu> ...

Mapping all equations...
Building and optimizing final netlist ...
Found area constraint ratio of 100 (+ 5) on block ClkRedu, actual ratio is 3.

Final Macro Processing ...

=========================================================================
Final Register Report

Macro Statistics
# Registers                                            : 26
 Flip-Flops                                            : 26

=========================================================================

=========================================================================
*                           Partition Report                            *
=========================================================================

Partition Implementation Status
-------------------------------

  No Partitions were found in this design.

-------------------------------

=========================================================================
*                            Final Report                               *
=========================================================================
Final Results
RTL Top Level Output File Name     : ClkRedu.ngr
Top Level Output File Name         : ClkRedu
Output Format                      : NGC
Optimization Goal                  : Speed
Keep Hierarchy                     : No

Design Statistics
# IOs                              : 3

Cell Usage :
# BELS                             : 117
#      GND                         : 1
#      INV                         : 3
#      LUT1                        : 24
#      LUT2                        : 26
#      LUT4                        : 6
#      MUXCY                       : 31
#      VCC                         : 1
#      XORCY                       : 25
# FlipFlops/Latches                : 26
#      FDC                         : 25
#      FDE                         : 1
# Clock Buffers                    : 1
#      BUFGP                       : 1
# IO Buffers                       : 2
#      IBUF                        : 1
#      OBUF                        : 1
=========================================================================

Device utilization summary:
---------------------------

Selected Device : 3s100ecp132-5 

 Number of Slices:                       32  out of    960     3%  
 Number of Slice Flip Flops:             26  out of   1920     1%  
 Number of 4 input LUTs:                 59  out of   1920     3%  
 Number of IOs:                           3
 Number of bonded IOBs:                   3  out of     83     3%  
 Number of GCLKs:                         1  out of     24     4%  

---------------------------
Partition Resource Summary:
---------------------------

  No Partitions were found in this design.

---------------------------


=========================================================================
TIMING REPORT

NOTE: THESE TIMING NUMBERS ARE ONLY A SYNTHESIS ESTIMATE.
      FOR ACCURATE TIMING INFORMATION PLEASE REFER TO THE TRACE REPORT
      GENERATED AFTER PLACE-and-ROUTE.

Clock Information:
------------------
-----------------------------------+------------------------+-------+
Clock Signal                       | Clock buffer(FF name)  | Load  |
-----------------------------------+------------------------+-------+
clk                                | BUFGP                  | 26    |
-----------------------------------+------------------------+-------+

Asynchronous Control Signals Information:
----------------------------------------
-----------------------------------+------------------------+-------+
Control Signal                     | Buffer(FF name)        | Load  |
-----------------------------------+------------------------+-------+
reset                              | IBUF                   | 25    |
-----------------------------------+------------------------+-------+

Timing Summary:
---------------
Speed Grade: -5

   Minimum period: 5.260ns (Maximum Frequency: 190.124MHz)
   Minimum input arrival time before clock: 3.781ns
   Maximum output required time after clock: 4.063ns
   Maximum combinational path delay: No path found

Timing Detail:
--------------
All values displayed in nanoseconds (ns)

=========================================================================
Timing constraint: Default period analysis for Clock 'clk'
  Clock period: 5.260ns (frequency: 190.124MHz)
  Total number of paths / destination ports: 976 / 27
-------------------------------------------------------------------------
Delay:               5.260ns (Levels of Logic = 8)
  Source:            conteo_15 (FF)
  Destination:       ClkRedu_0 (FF)
  Source Clock:      clk rising
  Destination Clock: clk rising

  Data Path: conteo_15 to ClkRedu_0
                                Gate     Net
    Cell:in->out      fanout   Delay   Delay  Logical Name (Net Name)
    ----------------------------------------  ------------
     FDC:C->Q              2   0.514   0.532  conteo_15 (conteo_15)
     LUT4:I0->O            1   0.612   0.000  conteo_cmp_eq0000_wg_lut<1> (conteo_cmp_eq0000_wg_lut<1>)
     MUXCY:S->O            1   0.404   0.000  conteo_cmp_eq0000_wg_cy<1> (conteo_cmp_eq0000_wg_cy<1>)
     MUXCY:CI->O           1   0.052   0.000  conteo_cmp_eq0000_wg_cy<2> (conteo_cmp_eq0000_wg_cy<2>)
     MUXCY:CI->O           1   0.052   0.000  conteo_cmp_eq0000_wg_cy<3> (conteo_cmp_eq0000_wg_cy<3>)
     MUXCY:CI->O           1   0.052   0.000  conteo_cmp_eq0000_wg_cy<4> (conteo_cmp_eq0000_wg_cy<4>)
     MUXCY:CI->O           1   0.052   0.000  conteo_cmp_eq0000_wg_cy<5> (conteo_cmp_eq0000_wg_cy<5>)
     MUXCY:CI->O          26   0.399   1.140  conteo_cmp_eq0000_wg_cy<6> (conteo_cmp_eq0000)
     LUT2:I1->O            1   0.612   0.357  ClkRedu_and00001 (ClkRedu_and0000)
     FDE:CE                    0.483          ClkRedu_0
    ----------------------------------------
    Total                      5.260ns (3.230ns logic, 2.029ns route)
                                       (61.4% logic, 38.6% route)

=========================================================================
Timing constraint: Default OFFSET IN BEFORE for Clock 'clk'
  Total number of paths / destination ports: 1 / 1
-------------------------------------------------------------------------
Offset:              3.781ns (Levels of Logic = 2)
  Source:            reset (PAD)
  Destination:       ClkRedu_0 (FF)
  Destination Clock: clk rising

  Data Path: reset to ClkRedu_0
                                Gate     Net
    Cell:in->out      fanout   Delay   Delay  Logical Name (Net Name)
    ----------------------------------------  ------------
     IBUF:I->O            26   1.106   1.223  reset_IBUF (reset_IBUF)
     LUT2:I0->O            1   0.612   0.357  ClkRedu_and00001 (ClkRedu_and0000)
     FDE:CE                    0.483          ClkRedu_0
    ----------------------------------------
    Total                      3.781ns (2.201ns logic, 1.580ns route)
                                       (58.2% logic, 41.8% route)

=========================================================================
Timing constraint: Default OFFSET OUT AFTER for Clock 'clk'
  Total number of paths / destination ports: 1 / 1
-------------------------------------------------------------------------
Offset:              4.063ns (Levels of Logic = 1)
  Source:            ClkRedu_0 (FF)
  Destination:       ClkRedu (PAD)
  Source Clock:      clk rising

  Data Path: ClkRedu_0 to ClkRedu
                                Gate     Net
    Cell:in->out      fanout   Delay   Delay  Logical Name (Net Name)
    ----------------------------------------  ------------
     FDE:C->Q              2   0.514   0.380  ClkRedu_0 (ClkRedu_0)
     OBUF:I->O                 3.169          ClkRedu_OBUF (ClkRedu)
    ----------------------------------------
    Total                      4.063ns (3.683ns logic, 0.380ns route)
                                       (90.6% logic, 9.4% route)

=========================================================================


Total REAL time to Xst completion: 4.00 secs
Total CPU time to Xst completion: 3.89 secs
 
--> 

Total memory usage is 4497852 kilobytes

Number of errors   :    0 (   0 filtered)
Number of warnings :    0 (   0 filtered)
Number of infos    :    0 (   0 filtered)

