Release 14.7 - xst P.20131013 (nt64)
Copyright (c) 1995-2013 Xilinx, Inc.  All rights reserved.
--> Parameter TMPDIR set to xst/projnav.tmp


Total REAL time to Xst completion: 1.00 secs
Total CPU time to Xst completion: 0.90 secs
 
--> Parameter xsthdpdir set to xst


Total REAL time to Xst completion: 1.00 secs
Total CPU time to Xst completion: 0.91 secs
 
--> Reading design: top.prj

TABLE OF CONTENTS
  1) Synthesis Options Summary
  2) HDL Compilation
  3) Design Hierarchy Analysis
  4) HDL Analysis
  5) HDL Synthesis
     5.1) HDL Synthesis Report
  6) Advanced HDL Synthesis
     6.1) Advanced HDL Synthesis Report
  7) Low Level Synthesis
  8) Partition Report
  9) Final Report
	9.1) Device utilization summary
	9.2) Partition Resource Summary
	9.3) TIMING REPORT


=========================================================================
*                      Synthesis Options Summary                        *
=========================================================================
---- Source Parameters
Input File Name                    : "top.prj"
Input Format                       : mixed
Ignore Synthesis Constraint File   : NO

---- Target Parameters
Output File Name                   : "top"
Output Format                      : NGC
Target Device                      : xc3s100e-5-cp132

---- Source Options
Top Module Name                    : top
Automatic FSM Extraction           : YES
FSM Encoding Algorithm             : Auto
Safe Implementation                : No
FSM Style                          : LUT
RAM Extraction                     : Yes
RAM Style                          : Auto
ROM Extraction                     : Yes
Mux Style                          : Auto
Decoder Extraction                 : YES
Priority Encoder Extraction        : Yes
Shift Register Extraction          : YES
Logical Shifter Extraction         : YES
XOR Collapsing                     : YES
ROM Style                          : Auto
Mux Extraction                     : Yes
Resource Sharing                   : YES
Asynchronous To Synchronous        : NO
Multiplier Style                   : Auto
Automatic Register Balancing       : No

---- Target Options
Add IO Buffers                     : YES
Global Maximum Fanout              : 100000
Add Generic Clock Buffer(BUFG)     : 24
Register Duplication               : YES
Slice Packing                      : YES
Optimize Instantiated Primitives   : NO
Use Clock Enable                   : Yes
Use Synchronous Set                : Yes
Use Synchronous Reset              : Yes
Pack IO Registers into IOBs        : Auto
Equivalent register Removal        : YES

---- General Options
Optimization Goal                  : Speed
Optimization Effort                : 1
Keep Hierarchy                     : No
Netlist Hierarchy                  : As_Optimized
RTL Output                         : Yes
Global Optimization                : AllClockNets
Read Cores                         : YES
Write Timing Constraints           : NO
Cross Clock Analysis               : NO
Hierarchy Separator                : /
Bus Delimiter                      : <>
Case Specifier                     : Maintain
Slice Utilization Ratio            : 100
BRAM Utilization Ratio             : 100
Verilog 2001                       : YES
Auto BRAM Packing                  : NO
Slice Utilization Ratio Delta      : 5

=========================================================================


=========================================================================
*                          HDL Compilation                              *
=========================================================================
Compiling verilog file "oneCold.v" in library work
Compiling verilog file "mux_dp.v" in library work
Module <oneCold> compiled
Compiling verilog file "mux4_1.v" in library work
Module <mux_dp> compiled
Compiling verilog file "binarioHexadecimalVGRL.v" in library work
Module <mux4_1> compiled
Compiling verilog file "alu_module.v" in library work
Module <binarioHexadecimalVGRL> compiled
Compiling verilog file "top.v" in library work
Module <alu_module> compiled
Module <top> compiled
No errors in compilation
Analysis of file <"top.prj"> succeeded.
 

=========================================================================
*                     Design Hierarchy Analysis                         *
=========================================================================
Analyzing hierarchy for module <top> in library <work>.

Analyzing hierarchy for module <alu_module> in library <work>.

Analyzing hierarchy for module <mux4_1> in library <work>.

Analyzing hierarchy for module <mux_dp> in library <work>.

Analyzing hierarchy for module <oneCold> in library <work>.

Analyzing hierarchy for module <binarioHexadecimalVGRL> in library <work>.


=========================================================================
*                            HDL Analysis                               *
=========================================================================
Analyzing top module <top>.
Module <top> is correct for synthesis.
 
Analyzing module <alu_module> in library <work>.
Module <alu_module> is correct for synthesis.
 
Analyzing module <mux4_1> in library <work>.
Module <mux4_1> is correct for synthesis.
 
Analyzing module <mux_dp> in library <work>.
Module <mux_dp> is correct for synthesis.
 
Analyzing module <oneCold> in library <work>.
Module <oneCold> is correct for synthesis.
 
Analyzing module <binarioHexadecimalVGRL> in library <work>.
Module <binarioHexadecimalVGRL> is correct for synthesis.
 

=========================================================================
*                           HDL Synthesis                               *
=========================================================================

Performing bidirectional port resolution...

Synthesizing Unit <alu_module>.
    Related source file is "alu_module.v".
    Found 9-bit 8-to-1 multiplexer for signal <RESULT>.
    Found 1-bit 8-to-1 multiplexer for signal <signA>.
    Found 1-bit 8-to-1 multiplexer for signal <signB>.
    Found 1-bit 8-to-1 multiplexer for signal <signRES>.
    Found 4-bit adder for signal <compA$addsub0000>.
    Found 4-bit adder for signal <compB$addsub0000>.
    Found 4-bit adder carry out for signal <RESULT$addsub0000> created at line 69.
    Found 4x4-bit multiplier for signal <RESULT$mult0000> created at line 112.
    Found 6-bit subtractor for signal <RESULT$sub0000> created at line 83.
    Found 4-bit xor2 for signal <RESULT$xor0000> created at line 63.
    Found 1-bit xor2 for signal <signRES$xor0000> created at line 120.
    Summary:
	inferred   5 Adder/Subtractor(s).
	inferred   1 Multiplier(s).
	inferred  12 Multiplexer(s).
Unit <alu_module> synthesized.


Synthesizing Unit <mux4_1>.
    Related source file is "mux4_1.v".
    Found 4-bit 4-to-1 multiplexer for signal <muxResult>.
    Summary:
	inferred   4 Multiplexer(s).
Unit <mux4_1> synthesized.


Synthesizing Unit <mux_dp>.
    Related source file is "mux_dp.v".
    Found 4-bit 4-to-1 multiplexer for signal <dpMuxResult>.
    Summary:
	inferred   4 Multiplexer(s).
Unit <mux_dp> synthesized.


Synthesizing Unit <oneCold>.
    Related source file is "oneCold.v".
    Found 1-of-4 decoder for signal <T>.
    Summary:
	inferred   1 Decoder(s).
Unit <oneCold> synthesized.


Synthesizing Unit <binarioHexadecimalVGRL>.
    Related source file is "binarioHexadecimalVGRL.v".
Unit <binarioHexadecimalVGRL> synthesized.


Synthesizing Unit <top>.
    Related source file is "top.v".
Unit <top> synthesized.

INFO:Xst:1767 - HDL ADVISOR - Resource sharing has identified that some arithmetic operations in this design can share the same physical resources for reduced device utilization. For improved clock frequency you may try to disable resource sharing.

=========================================================================
HDL Synthesis Report

Macro Statistics
# Multipliers                                          : 1
 4x4-bit multiplier                                    : 1
# Adders/Subtractors                                   : 5
 4-bit adder                                           : 2
 4-bit adder carry out                                 : 1
 6-bit subtractor                                      : 1
 9-bit adder                                           : 1
# Multiplexers                                         : 6
 1-bit 8-to-1 multiplexer                              : 3
 4-bit 4-to-1 multiplexer                              : 2
 9-bit 8-to-1 multiplexer                              : 1
# Decoders                                             : 1
 1-of-4 decoder                                        : 1
# Xors                                                 : 2
 1-bit xor2                                            : 1
 4-bit xor2                                            : 1

=========================================================================

=========================================================================
*                       Advanced HDL Synthesis                          *
=========================================================================


=========================================================================
Advanced HDL Synthesis Report

Macro Statistics
# Multipliers                                          : 1
 4x4-bit multiplier                                    : 1
# Adders/Subtractors                                   : 5
 4-bit adder                                           : 2
 4-bit adder carry out                                 : 1
 6-bit subtractor                                      : 1
 9-bit adder                                           : 1
# Multiplexers                                         : 6
 1-bit 8-to-1 multiplexer                              : 3
 4-bit 4-to-1 multiplexer                              : 2
 9-bit 8-to-1 multiplexer                              : 1
# Decoders                                             : 1
 1-of-4 decoder                                        : 1
# Xors                                                 : 2
 1-bit xor2                                            : 1
 4-bit xor2                                            : 1

=========================================================================

=========================================================================
*                         Low Level Synthesis                           *
=========================================================================

Optimizing unit <top> ...

Optimizing unit <alu_module> ...

Mapping all equations...
Building and optimizing final netlist ...
Found area constraint ratio of 100 (+ 5) on block top, actual ratio is 5.

Final Macro Processing ...

=========================================================================
Final Register Report

Found no macro
=========================================================================

=========================================================================
*                           Partition Report                            *
=========================================================================

Partition Implementation Status
-------------------------------

  No Partitions were found in this design.

-------------------------------

=========================================================================
*                            Final Report                               *
=========================================================================
Final Results
RTL Top Level Output File Name     : top.ngr
Top Level Output File Name         : top
Output Format                      : NGC
Optimization Goal                  : Speed
Keep Hierarchy                     : No

Design Statistics
# IOs                              : 34

Cell Usage :
# BELS                             : 94
#      GND                         : 1
#      LUT2                        : 7
#      LUT3                        : 28
#      LUT4                        : 33
#      MUXF5                       : 21
#      MUXF6                       : 4
# IO Buffers                       : 34
#      IBUF                        : 13
#      OBUF                        : 21
# MULTs                            : 1
#      MULT18X18SIO                : 1
=========================================================================

Device utilization summary:
---------------------------

Selected Device : 3s100ecp132-5 

 Number of Slices:                       38  out of    960     3%  
 Number of 4 input LUTs:                 68  out of   1920     3%  
 Number of IOs:                          34
 Number of bonded IOBs:                  34  out of     83    40%  
 Number of MULT18X18SIOs:                 1  out of      4    25%  

---------------------------
Partition Resource Summary:
---------------------------

  No Partitions were found in this design.

---------------------------


=========================================================================
TIMING REPORT

NOTE: THESE TIMING NUMBERS ARE ONLY A SYNTHESIS ESTIMATE.
      FOR ACCURATE TIMING INFORMATION PLEASE REFER TO THE TRACE REPORT
      GENERATED AFTER PLACE-and-ROUTE.

Clock Information:
------------------
No clock signals found in this design

Asynchronous Control Signals Information:
----------------------------------------
No asynchronous control signals found in this design

Timing Summary:
---------------
Speed Grade: -5

   Minimum period: No path found
   Minimum input arrival time before clock: No path found
   Maximum output required time after clock: No path found
   Maximum combinational path delay: 13.297ns

Timing Detail:
--------------
All values displayed in nanoseconds (ns)

=========================================================================
Timing constraint: Default path analysis
  Total number of paths / destination ports: 2342 / 17
-------------------------------------------------------------------------
Delay:               13.297ns (Levels of Logic = 10)
  Source:            A<1> (PAD)
  Destination:       sc (PAD)

  Data Path: A<1> to sc
                                Gate     Net
    Cell:in->out      fanout   Delay   Delay  Logical Name (Net Name)
    ----------------------------------------  ------------
     IBUF:I->O            12   1.106   0.969  A_1_IBUF (A_1_IBUF)
     LUT4:I0->O            4   0.612   0.651  alu/Msub_RESULT_sub0000_xor<2>111 (alu/N4)
     LUT3:I0->O            2   0.612   0.410  alu/Msub_RESULT_sub0000_cy<3>1_SW0 (N19)
     LUT4:I2->O            2   0.612   0.410  alu/Mmux_RESULT1534_SW0 (N25)
     LUT4:I2->O            3   0.612   0.481  alu/Mmux_RESULT1534 (alu/RESULT<8>)
     LUT3:I2->O            1   0.612   0.387  alu/Mmux_RESULT71 (finalResult<5>)
     LUT3:I2->O            1   0.612   0.000  mux4_1_eachD/Mmux_muxResult_41 (mux4_1_eachD/Mmux_muxResult_41)
     MUXF5:I0->O           8   0.278   0.795  mux4_1_eachD/Mmux_muxResult_2_f5_0 (muxResult_1_OBUF)
     LUT4:I0->O            1   0.612   0.357  printDisplay/c1 (sc_OBUF)
     OBUF:I->O                 3.169          sc_OBUF (sc)
    ----------------------------------------
    Total                     13.297ns (8.837ns logic, 4.461ns route)
                                       (66.5% logic, 33.5% route)

=========================================================================


Total REAL time to Xst completion: 10.00 secs
Total CPU time to Xst completion: 9.77 secs
 
--> 

Total memory usage is 4514032 kilobytes

Number of errors   :    0 (   0 filtered)
Number of warnings :    7 (   0 filtered)
Number of infos    :    1 (   0 filtered)

